mode: atomic
github.com/copyleftdev/fips-mcp/pkg/version/version.go:27.22,42.2 1 2
github.com/copyleftdev/fips-mcp/internal/config/config.go:36.30,62.65 12 5
github.com/copyleftdev/fips-mcp/internal/config/config.go:62.65,64.3 1 1
github.com/copyleftdev/fips-mcp/internal/config/config.go:66.2,66.17 1 4
github.com/copyleftdev/fips-mcp/internal/config/config.go:70.42,71.48 1 25
github.com/copyleftdev/fips-mcp/internal/config/config.go:71.48,73.3 1 4
github.com/copyleftdev/fips-mcp/internal/config/config.go:74.2,74.17 1 21
github.com/copyleftdev/fips-mcp/internal/config/config.go:77.48,78.48 1 8
github.com/copyleftdev/fips-mcp/internal/config/config.go:78.48,79.55 1 3
github.com/copyleftdev/fips-mcp/internal/config/config.go:79.55,81.4 1 2
github.com/copyleftdev/fips-mcp/internal/config/config.go:83.2,83.17 1 6
github.com/copyleftdev/fips-mcp/internal/config/config.go:86.51,87.48 1 15
github.com/copyleftdev/fips-mcp/internal/config/config.go:87.48,89.55 1 6
github.com/copyleftdev/fips-mcp/internal/config/config.go:89.55,91.4 1 4
github.com/copyleftdev/fips-mcp/internal/config/config.go:93.3,93.56 1 2
github.com/copyleftdev/fips-mcp/internal/config/config.go:93.56,95.4 1 1
github.com/copyleftdev/fips-mcp/internal/config/config.go:97.3,97.18 1 1
github.com/copyleftdev/fips-mcp/internal/config/config.go:99.2,99.17 1 9
github.com/copyleftdev/fips-mcp/cmd/fips-mcp/main.go:27.13,32.33 3 0
github.com/copyleftdev/fips-mcp/cmd/fips-mcp/main.go:32.33,34.3 1 0
github.com/copyleftdev/fips-mcp/cmd/fips-mcp/main.go:38.37,43.18 2 2
github.com/copyleftdev/fips-mcp/cmd/fips-mcp/main.go:43.18,46.3 2 0
github.com/copyleftdev/fips-mcp/cmd/fips-mcp/main.go:49.2,50.16 2 2
github.com/copyleftdev/fips-mcp/cmd/fips-mcp/main.go:50.16,52.3 1 0
github.com/copyleftdev/fips-mcp/cmd/fips-mcp/main.go:55.2,56.16 2 2
github.com/copyleftdev/fips-mcp/cmd/fips-mcp/main.go:56.16,58.3 1 0
github.com/copyleftdev/fips-mcp/cmd/fips-mcp/main.go:61.2,62.12 2 2
github.com/copyleftdev/fips-mcp/cmd/fips-mcp/main.go:62.12,64.3 1 2
github.com/copyleftdev/fips-mcp/cmd/fips-mcp/main.go:67.2,67.9 1 2
github.com/copyleftdev/fips-mcp/cmd/fips-mcp/main.go:68.22,69.13 1 1
github.com/copyleftdev/fips-mcp/cmd/fips-mcp/main.go:70.20,74.43 3 1
github.com/copyleftdev/fips-mcp/internal/app/app.go:24.44,25.16 1 3
github.com/copyleftdev/fips-mcp/internal/app/app.go:25.16,27.3 1 0
github.com/copyleftdev/fips-mcp/internal/app/app.go:29.2,41.8 5 3
github.com/copyleftdev/fips-mcp/internal/app/app.go:45.48,49.12 3 2
github.com/copyleftdev/fips-mcp/internal/app/app.go:49.12,50.26 1 2
github.com/copyleftdev/fips-mcp/internal/app/app.go:50.26,51.121 1 0
github.com/copyleftdev/fips-mcp/internal/app/app.go:51.121,54.5 2 0
github.com/copyleftdev/fips-mcp/internal/app/app.go:55.9,56.83 1 2
github.com/copyleftdev/fips-mcp/internal/app/app.go:56.83,59.5 2 0
github.com/copyleftdev/fips-mcp/internal/app/app.go:61.3,61.19 1 2
github.com/copyleftdev/fips-mcp/internal/app/app.go:65.2,65.9 1 2
github.com/copyleftdev/fips-mcp/internal/app/app.go:66.26,67.13 1 2
github.com/copyleftdev/fips-mcp/internal/app/app.go:68.20,72.33 3 0
github.com/copyleftdev/fips-mcp/internal/app/app.go:77.51,80.2 2 2
github.com/copyleftdev/fips-mcp/internal/app/app.go:83.65,84.32 1 1
github.com/copyleftdev/fips-mcp/internal/app/app.go:84.32,87.3 2 0
github.com/copyleftdev/fips-mcp/internal/app/app.go:89.2,91.35 3 1
github.com/copyleftdev/fips-mcp/internal/app/app.go:95.68,96.32 1 1
github.com/copyleftdev/fips-mcp/internal/app/app.go:96.32,99.3 2 0
github.com/copyleftdev/fips-mcp/internal/app/app.go:101.2,103.38 3 1
